{
  "stats": {
    "suites": 1,
    "tests": 5,
    "passes": 5,
    "pending": 0,
    "failures": 0,
    "start": "2022-09-20T17:28:33.056Z",
    "end": "2022-09-20T17:32:42.182Z",
    "duration": 249126,
    "testsRegistered": 5,
    "passPercent": 100,
    "pendingPercent": 0,
    "other": 0,
    "hasOther": false,
    "skipped": 0,
    "hasSkipped": false
  },
  "results": [
    {
      "uuid": "8f253c49-d1a9-49d6-9d9e-91984a5112f4",
      "title": "",
      "fullFile": "cypress/e2e/eCommerce/tests/e2e_test.cy.js",
      "file": "cypress/e2e/eCommerce/tests/e2e_test.cy.js",
      "beforeHooks": [],
      "afterHooks": [],
      "tests": [],
      "suites": [
        {
          "uuid": "47062942-346b-4c62-a048-f0495c7fb505",
          "title": "End to End Test - E commerce website",
          "fullFile": "",
          "file": "",
          "beforeHooks": [],
          "afterHooks": [],
          "tests": [
            {
              "title": "Should not create account - 2 Negative Tests",
              "fullTitle": "End to End Test - E commerce website Should not create account - 2 Negative Tests",
              "timedOut": null,
              "duration": 41916,
              "state": "passed",
              "speed": "slow",
              "pass": true,
              "fail": false,
              "pending": false,
              "context": null,
              "code": "signup.InValidcreateAccount(\"abc.com\"); // Negative test - invalid email address test\nsignup.invalidCreateAccountWithExistingEmail(\"salmanleokhan@gmail.com\"); // Negative test- Exisiting email",
              "err": {},
              "uuid": "5ef0530c-8fa7-4725-9473-e67d9dbd1917",
              "parentUUID": "47062942-346b-4c62-a048-f0495c7fb505",
              "isHook": false,
              "skipped": false
            },
            {
              "title": "Should not login - 2 Negative Tests ",
              "fullTitle": "End to End Test - E commerce website Should not login - 2 Negative Tests ",
              "timedOut": null,
              "duration": 31629,
              "state": "passed",
              "speed": "slow",
              "pass": true,
              "fail": false,
              "pending": false,
              "context": null,
              "code": "login.invalidLogin1(\"sultanahmadkhan@gmail.com\", \"88877733\"); // Correct Email Wrong Password\nlogin.invalidLogin2(\"sulman\", \"4324223\"); // Invalid Email address",
              "err": {},
              "uuid": "6590402e-b836-4e57-97a1-4f749dd64d0a",
              "parentUUID": "47062942-346b-4c62-a048-f0495c7fb505",
              "isHook": false,
              "skipped": false
            },
            {
              "title": "Should create new account and fill the form - Positive Test",
              "fullTitle": "End to End Test - E commerce website Should create new account and fill the form - Positive Test",
              "timedOut": null,
              "duration": 52258,
              "state": "passed",
              "speed": "slow",
              "pass": true,
              "fail": false,
              "pending": false,
              "context": null,
              "code": "signup.ValidcreateAccount(\"leotheking@yutube.com\");\nsignup.fillRegistrationForm(\"khan\", \"new khan\", \"123456\", \"khan\", \"new khan\", \"humari apni\", \"abc 12345\", \"abc12345 Raiwind road lahore\", \"Lahore\", \"75000\", \"Additoinal info is here\", \"09004374433\", \"090033344433\", \"khan@gmail.com\");",
              "err": {},
              "uuid": "4106e306-7f5c-45af-af6b-a584deee0eed",
              "parentUUID": "47062942-346b-4c62-a048-f0495c7fb505",
              "isHook": false,
              "skipped": false
            },
            {
              "title": "Should Login the account - Positive Test",
              "fullTitle": "End to End Test - E commerce website Should Login the account - Positive Test",
              "timedOut": null,
              "duration": 27061,
              "state": "passed",
              "speed": "slow",
              "pass": true,
              "fail": false,
              "pending": false,
              "context": null,
              "code": "login.validLogin(\"leotheking@yutube.com\", \"123456\"); // Valid Email and password",
              "err": {},
              "uuid": "ef0719b8-68b2-4a3e-9e15-8b8209dc6b47",
              "parentUUID": "47062942-346b-4c62-a048-f0495c7fb505",
              "isHook": false,
              "skipped": false
            },
            {
              "title": "Should interaction with Home and its products",
              "fullTitle": "End to End Test - E commerce website Should interaction with Home and its products",
              "timedOut": null,
              "duration": 83364,
              "state": "passed",
              "speed": "slow",
              "pass": true,
              "fail": false,
              "pending": false,
              "context": null,
              "code": "login.validLogin(\"leotheking@yutube.com\", \"123456\"); // Valid Email and password\nhome.goToHomePage(); // Refirect to home page\ncy.title().should(\"eq\", \"My Store\"); // Validate Title of home page\nhome.searchProduct(\"dress\"); // search product on site\nhome.sortproducts(); // sort to A to Z\nhome.selectProduct(\"Blouse\"); // Select Product\ncy.title().should(\"eq\", \"Blouse - My Store\"); // Validate Page Title\nhome.validatePriceDescription(); // Validate price and description\nhome.addToCart(\"5\", \"3\"); // select quantity 5 and size 3 = Large\nhome.validaddReview(\"First Title\", \"This is first review while testing\");",
              "err": {},
              "uuid": "a6dfe979-3752-4e7a-8949-fe1892e2e931",
              "parentUUID": "47062942-346b-4c62-a048-f0495c7fb505",
              "isHook": false,
              "skipped": false
            }
          ],
          "suites": [],
          "passes": [
            "5ef0530c-8fa7-4725-9473-e67d9dbd1917",
            "6590402e-b836-4e57-97a1-4f749dd64d0a",
            "4106e306-7f5c-45af-af6b-a584deee0eed",
            "ef0719b8-68b2-4a3e-9e15-8b8209dc6b47",
            "a6dfe979-3752-4e7a-8949-fe1892e2e931"
          ],
          "failures": [],
          "pending": [],
          "skipped": [],
          "duration": 236228,
          "root": false,
          "rootEmpty": false,
          "_timeout": 2000
        }
      ],
      "passes": [],
      "failures": [],
      "pending": [],
      "skipped": [],
      "duration": 0,
      "root": true,
      "rootEmpty": true,
      "_timeout": 2000
    }
  ],
  "meta": {
    "mocha": {
      "version": "7.0.1"
    },
    "mochawesome": {
      "options": {
        "quiet": false,
        "reportFilename": "mochawesome",
        "saveHtml": true,
        "saveJson": true,
        "consoleReporter": "spec",
        "useInlineDiffs": false,
        "code": true
      },
      "version": "7.1.3"
    },
    "marge": {
      "options": {
        "charts": true,
        "overwrite": true,
        "html": true,
        "json": true,
        "reportDir": "cypress/report"
      },
      "version": "6.2.0"
    }
  }
}