{
  "stats": {
    "suites": 1,
    "tests": 1,
    "passes": 0,
    "pending": 0,
    "failures": 1,
    "start": "2022-09-20T12:08:33.430Z",
    "end": "2022-09-20T12:08:35.070Z",
    "duration": 1640,
    "testsRegistered": 5,
    "passPercent": 0,
    "pendingPercent": 0,
    "other": 0,
    "hasOther": false,
    "skipped": 4,
    "hasSkipped": true
  },
  "results": [
    {
      "uuid": "ba47a78a-fbc6-48b1-b3d8-4d082d6b9b13",
      "title": "",
      "fullFile": "cypress/e2e/eCommerce/tests/e2e_test.cy.js",
      "file": "cypress/e2e/eCommerce/tests/e2e_test.cy.js",
      "beforeHooks": [],
      "afterHooks": [],
      "tests": [],
      "suites": [
        {
          "uuid": "b46172b9-deef-4dc4-9165-95c3c7fd7d43",
          "title": "End to End Test - E commerce website",
          "fullFile": "",
          "file": "",
          "beforeHooks": [],
          "afterHooks": [],
          "tests": [
            {
              "title": "Should not create account - 2 Negative Tests",
              "fullTitle": "End to End Test - E commerce website Should not create account - 2 Negative Tests",
              "timedOut": null,
              "duration": 1449,
              "state": "failed",
              "speed": null,
              "pass": false,
              "fail": true,
              "pending": false,
              "context": null,
              "code": "signup.InValidcreateAccount(\"abc.com\"); // Negative test - invalid email address test\nsignup.invalidCreateAccountWithExistingEmail(\"salmanleokhan@gmail.com\"); // Negative test- Exisiting email",
              "err": {
                "message": "CypressError: `cy.visit()` failed trying to load:\n\nhttp://automationpractice.com/index.php?\n\nThe response we received from your web server was:\n\n  > 508: Loop Detected\n\nThis was considered a failure because the status code was not `2xx`.\n\nIf you do not want status codes to cause failures pass the option: `failOnStatusCode: false`\n\nBecause this error occurred during a `before each` hook we are skipping the remaining tests in the current suite: `End to End Test - E commerc...`",
                "estack": "CypressError: `cy.visit()` failed trying to load:\n\nhttp://automationpractice.com/index.php?\n\nThe response we received from your web server was:\n\n  > 508: Loop Detected\n\nThis was considered a failure because the status code was not `2xx`.\n\nIf you do not want status codes to cause failures pass the option: `failOnStatusCode: false`\n\nBecause this error occurred during a `before each` hook we are skipping the remaining tests in the current suite: `End to End Test - E commerc...`\n    at <unknown> (http://localhost:56459/__cypress/runner/cypress_runner.js:142110:84)\n    at visitFailedByErr (http://localhost:56459/__cypress/runner/cypress_runner.js:141429:12)\n    at <unknown> (http://localhost:56459/__cypress/runner/cypress_runner.js:142090:13)\n    at tryCatcher (http://localhost:56459/__cypress/runner/cypress_runner.js:11318:23)\n    at Promise._settlePromiseFromHandler (http://localhost:56459/__cypress/runner/cypress_runner.js:9253:31)\n    at Promise._settlePromise (http://localhost:56459/__cypress/runner/cypress_runner.js:9310:18)\n    at Promise._settlePromise0 (http://localhost:56459/__cypress/runner/cypress_runner.js:9355:10)\n    at Promise._settlePromises (http://localhost:56459/__cypress/runner/cypress_runner.js:9431:18)\n    at _drainQueueStep (http://localhost:56459/__cypress/runner/cypress_runner.js:6025:12)\n    at _drainQueue (http://localhost:56459/__cypress/runner/cypress_runner.js:6018:9)\n    at ../../node_modules/bluebird/js/release/async.js.Async._drainQueues (http://localhost:56459/__cypress/runner/cypress_runner.js:6034:5)\n    at Async.drainQueues (http://localhost:56459/__cypress/runner/cypress_runner.js:5904:14)\nFrom Your Spec Code:\n    at SignUpPage.goToSignUpPage (webpack:///./cypress/e2e/eCommerce/pages/signUp_page.js:6:11)\n    at Context.eval (webpack:///./cypress/e2e/eCommerce/tests/e2e_test.cy.js:12:15)",
                "diff": null
              },
              "uuid": "0e910c0f-00f4-4228-ac9f-cb74f2d4fec7",
              "parentUUID": "b46172b9-deef-4dc4-9165-95c3c7fd7d43",
              "isHook": false,
              "skipped": false
            },
            {
              "title": "Should not login - 2 Negative Tests ",
              "fullTitle": "End to End Test - E commerce website Should not login - 2 Negative Tests ",
              "timedOut": null,
              "duration": 0,
              "state": "skipped",
              "speed": null,
              "pass": false,
              "fail": false,
              "pending": false,
              "context": null,
              "code": "login.invalidLogin1(\"sultanahmadkhan@gmail.com\", \"88877733\"); // Correct Email Wrong Password\nlogin.invalidLogin2(\"sulman\", \"4324223\"); // Invalid Email address",
              "err": {},
              "uuid": "8b7f43d0-1df9-4e97-93b4-53cf3c233ee9",
              "parentUUID": "b46172b9-deef-4dc4-9165-95c3c7fd7d43",
              "isHook": false,
              "skipped": true
            },
            {
              "title": "Should create new account and fill the form - Positive Test",
              "fullTitle": "End to End Test - E commerce website Should create new account and fill the form - Positive Test",
              "timedOut": null,
              "duration": 0,
              "state": "skipped",
              "speed": null,
              "pass": false,
              "fail": false,
              "pending": false,
              "context": null,
              "code": "signup.ValidcreateAccount(\"khansableo1@gmail.com\");\nsignup.fillRegistrationForm(\"khan\", \"new khan\", \"123456\", \"khan\", \"new khan\", \"humari apni\", \"abc 12345\", \"abc12345 Raiwind road lahore\", \"Lahore\", \"75000\", \"Additoinal info is here\", \"09004374433\", \"090033344433\", \"khan@gmail.com\");",
              "err": {},
              "uuid": "985c16a1-4b2f-4413-a505-0eb43760f20c",
              "parentUUID": "b46172b9-deef-4dc4-9165-95c3c7fd7d43",
              "isHook": false,
              "skipped": true
            },
            {
              "title": "Should Login the account - Positive Test",
              "fullTitle": "End to End Test - E commerce website Should Login the account - Positive Test",
              "timedOut": null,
              "duration": 0,
              "state": "skipped",
              "speed": null,
              "pass": false,
              "fail": false,
              "pending": false,
              "context": null,
              "code": "login.validLogin(\"khansableo1@gmail.com\", \"123456\"); // Valid Email and password",
              "err": {},
              "uuid": "e781a462-de50-4abc-92b0-39930e4bb37f",
              "parentUUID": "b46172b9-deef-4dc4-9165-95c3c7fd7d43",
              "isHook": false,
              "skipped": true
            },
            {
              "title": "Should interaction with Home and its products",
              "fullTitle": "End to End Test - E commerce website Should interaction with Home and its products",
              "timedOut": null,
              "duration": 0,
              "state": "skipped",
              "speed": null,
              "pass": false,
              "fail": false,
              "pending": false,
              "context": null,
              "code": "login.validLogin(\"khansableo1@gmail.com\", \"123456\"); // Valid Email and password\nhome.goToHomePage(); // Refirect to home page\ncy.title().should(\"eq\", \"My Store\"); // Validate Title of home page\nhome.searchProduct(\"dress\"); // search product on site\nhome.sortproducts(); // sort to A to Z\nhome.selectProduct(\"Blouse\"); // Select Product\ncy.title().should(\"eq\", \"Blouse - My Store\"); // Validate Page Title\nhome.validatePriceDescription(); // Validate price and description\nhome.addToCart(\"5\", \"3\"); // select quantity 5 and size 3 = Large\nhome.validaddReview(\"First Title\", \"This is first review while testing\");",
              "err": {},
              "uuid": "4b047855-d1c9-4b12-9230-348dad39137e",
              "parentUUID": "b46172b9-deef-4dc4-9165-95c3c7fd7d43",
              "isHook": false,
              "skipped": true
            }
          ],
          "suites": [],
          "passes": [],
          "failures": [
            "0e910c0f-00f4-4228-ac9f-cb74f2d4fec7"
          ],
          "pending": [],
          "skipped": [
            "8b7f43d0-1df9-4e97-93b4-53cf3c233ee9",
            "985c16a1-4b2f-4413-a505-0eb43760f20c",
            "e781a462-de50-4abc-92b0-39930e4bb37f",
            "4b047855-d1c9-4b12-9230-348dad39137e"
          ],
          "duration": 1449,
          "root": false,
          "rootEmpty": false,
          "_timeout": 2000
        }
      ],
      "passes": [],
      "failures": [],
      "pending": [],
      "skipped": [],
      "duration": 0,
      "root": true,
      "rootEmpty": true,
      "_timeout": 2000
    }
  ],
  "meta": {
    "mocha": {
      "version": "7.0.1"
    },
    "mochawesome": {
      "options": {
        "quiet": false,
        "reportFilename": "mochawesome",
        "saveHtml": true,
        "saveJson": true,
        "consoleReporter": "spec",
        "useInlineDiffs": false,
        "code": true
      },
      "version": "7.1.3"
    },
    "marge": {
      "options": {
        "charts": true,
        "overwrite": true,
        "html": true,
        "json": true,
        "reportDir": "cypress/report"
      },
      "version": "6.2.0"
    }
  }
}